Using pre-set license
Built from '2020.2/staging' branch; Version is '2020.2.6f1 (8a2143876886) revision 9052483'; Using compiler version '192528614'; Build Type 'Release'
OS: 'Windows 10 Home Single Language; OS build 19041.928; Version 2004; 64bit' Language: 'pt' Physical Memory: 8101 MB
BatchMode: 1, IsHumanControllingUs: 0, StartBugReporterOnCrash: 0, Is64bit: 1, IsPro: 0

 COMMAND LINE ARGUMENTS:
C:\Program Files\Unity\Hub\Editor\2020.2.6f1\Editor\Unity.exe
-adb2
-batchMode
-noUpm
-name
AssetImportWorker0
-projectPath
D:/Documentos/CEUB/Programaçã de Jogos Asa Norte/Plataforma2D/Platform 2D
-logFile
Logs/AssetImportWorker0.log
-srvPort
50316
Successfully changed project path to: D:/Documentos/CEUB/Programaçã de Jogos Asa Norte/Plataforma2D/Platform 2D
D:/Documentos/CEUB/Programaçã de Jogos Asa Norte/Plataforma2D/Platform 2D
Using Asset Import Pipeline V2.
Refreshing native plugins compatible for Editor in 51.74 ms, found 1 plugins.
Preloading 0 native plugins for Editor in 0.00 ms.
Initialize engine version: 2020.2.6f1 (8a2143876886)
[Subsystems] Discovering subsystems at path C:/Program Files/Unity/Hub/Editor/2020.2.6f1/Editor/Data/Resources/UnitySubsystems
[Subsystems] Discovering subsystems at path D:/Documentos/CEUB/Programaçã de Jogos Asa Norte/Plataforma2D/Platform 2D/Assets
GfxDevice: creating device client; threaded=0
Direct3D:
    Version:  Direct3D 11.0 [level 11.1]
    Renderer: NVIDIA GeForce GTX 1050 (ID=0x1c8d)
    Vendor:   
    VRAM:     4021 MB
    Driver:   26.21.14.4262
Initialize mono
Mono path[0] = 'C:/Program Files/Unity/Hub/Editor/2020.2.6f1/Editor/Data/Managed'
Mono path[1] = 'C:/Program Files/Unity/Hub/Editor/2020.2.6f1/Editor/Data/MonoBleedingEdge/lib/mono/unityjit'
Mono config path = 'C:/Program Files/Unity/Hub/Editor/2020.2.6f1/Editor/Data/MonoBleedingEdge/etc'
Using monoOptions --debugger-agent=transport=dt_socket,embedding=1,server=y,suspend=n,address=127.0.0.1:56980
Begin MonoManager ReloadAssembly
Registering precompiled unity dll's ...
Register platform support module: C:/Program Files/Unity/Hub/Editor/2020.2.6f1/Editor/Data/PlaybackEngines/WindowsStandaloneSupport/UnityEditor.WindowsStandalone.Extensions.dll
Registered in 0.002686 seconds.
Native extension for WindowsStandalone target not found
Refreshing native plugins compatible for Editor in 52.62 ms, found 1 plugins.
Preloading 0 native plugins for Editor in 0.00 ms.
Invoked RoslynAnalysisRunner static constructor.
RoslynAnalysisRunner will not be running.
RoslynAnalysisRunner has terminated.
Mono: successfully reloaded assembly
- Completed reload, in  1.548 seconds
Platform modules already initialized, skipping
Registering precompiled user dll's ...
Registered in 0.001729 seconds.
Begin MonoManager ReloadAssembly
Native extension for WindowsStandalone target not found
Refreshing native plugins compatible for Editor in 54.69 ms, found 1 plugins.
Preloading 0 native plugins for Editor in 0.00 ms.
Invoked RoslynAnalysisRunner static constructor.
RoslynAnalysisRunner will not be running.
RoslynAnalysisRunner has terminated.
Mono: successfully reloaded assembly
- Completed reload, in  1.405 seconds
Platform modules already initialized, skipping
========================================================================
Worker process is ready to serve import requests
Launched and connected shader compiler UnityShaderCompiler.exe after 0.18 seconds
Refreshing native plugins compatible for Editor in 0.49 ms, found 1 plugins.
Preloading 0 native plugins for Editor in 0.00 ms.
Unloading 1944 Unused Serialized files (Serialized files now loaded: 0)
System memory in use before: 90.0 MB.
System memory in use after: 89.9 MB.

Unloading 25 unused Assets to reduce memory usage. Loaded Objects now: 2385.
Total: 2.719500 ms (FindLiveObjects: 0.240300 ms CreateObjectMapping: 0.100500 ms MarkObjects: 2.225500 ms  DeleteObjects: 0.151600 ms)

========================================================================
Received Import Request.
  path: Assets/Scripts/Player.cs
  artifactKey: Guid(6ab02a92fcf8e224c91d656e72cb4556) Importer(815301076,1909f56bfc062723c751e8b465ee728b)
Start importing Assets/Scripts/Player.cs using Guid(6ab02a92fcf8e224c91d656e72cb4556) Importer(815301076,1909f56bfc062723c751e8b465ee728b)  -> (artifact id: '1c9626f80ca06faeebe620116597bde6') in 0.067324 seconds
  Import took 0.136795 seconds .

========================================================================
Received Prepare
Registering precompiled user dll's ...
Registered in 0.013003 seconds.
Begin MonoManager ReloadAssembly
Native extension for WindowsStandalone target not found
Refreshing native plugins compatible for Editor in 0.60 ms, found 1 plugins.
Preloading 0 native plugins for Editor in 0.00 ms.
Invoked RoslynAnalysisRunner static constructor.
RoslynAnalysisRunner will not be running.
RoslynAnalysisRunner has terminated.
Mono: successfully reloaded assembly
- Completed reload, in  1.115 seconds
Platform modules already initialized, skipping
Refreshing native plugins compatible for Editor in 0.56 ms, found 1 plugins.
Preloading 0 native plugins for Editor in 0.00 ms.
Unloading 1937 Unused Serialized files (Serialized files now loaded: 0)
System memory in use before: 89.8 MB.
System memory in use after: 89.8 MB.

Unloading 13 unused Assets to reduce memory usage. Loaded Objects now: 2388.
Total: 4.052500 ms (FindLiveObjects: 0.471200 ms CreateObjectMapping: 0.250800 ms MarkObjects: 3.163000 ms  DeleteObjects: 0.165400 ms)

========================================================================
Received Import Request.
  Time since last request: 615.197899 seconds.
  path: Assets/Scripts/Player.cs
  artifactKey: Guid(6ab02a92fcf8e224c91d656e72cb4556) Importer(815301076,1909f56bfc062723c751e8b465ee728b)
Start importing Assets/Scripts/Player.cs using Guid(6ab02a92fcf8e224c91d656e72cb4556) Importer(815301076,1909f56bfc062723c751e8b465ee728b)  -> (artifact id: 'd97cdea7d618d4b08469417d47ae03cc') in 0.026126 seconds
  Import took 0.066131 seconds .

========================================================================
Received Import Request.
  Time since last request: 0.015093 seconds.
  path: Assets/Scripts/Player.cs
  artifactKey: Guid(6ab02a92fcf8e224c91d656e72cb4556) Importer(815301076,1909f56bfc062723c751e8b465ee728b)
Start importing Assets/Scripts/Player.cs using Guid(6ab02a92fcf8e224c91d656e72cb4556) Importer(815301076,1909f56bfc062723c751e8b465ee728b)  -> (artifact id: 'd97cdea7d618d4b08469417d47ae03cc') in 0.005086 seconds
  Import took 0.012820 seconds .

========================================================================
Received Prepare
Registering precompiled user dll's ...
Registered in 0.004452 seconds.
Begin MonoManager ReloadAssembly
Native extension for WindowsStandalone target not found
Refreshing native plugins compatible for Editor in 1.20 ms, found 1 plugins.
Preloading 0 native plugins for Editor in 0.00 ms.
Invoked RoslynAnalysisRunner static constructor.
RoslynAnalysisRunner will not be running.
RoslynAnalysisRunner has terminated.
Mono: successfully reloaded assembly
- Completed reload, in  1.990 seconds
Platform modules already initialized, skipping
Refreshing native plugins compatible for Editor in 0.59 ms, found 1 plugins.
Preloading 0 native plugins for Editor in 0.00 ms.
Unloading 1937 Unused Serialized files (Serialized files now loaded: 0)
System memory in use before: 89.9 MB.
System memory in use after: 89.9 MB.

Unloading 13 unused Assets to reduce memory usage. Loaded Objects now: 2391.
Total: 5.871700 ms (FindLiveObjects: 0.613400 ms CreateObjectMapping: 0.342900 ms MarkObjects: 4.577200 ms  DeleteObjects: 0.329500 ms)

========================================================================
Received Prepare
Registering precompiled user dll's ...
Registered in 0.001437 seconds.
Begin MonoManager ReloadAssembly
Native extension for WindowsStandalone target not found
Refreshing native plugins compatible for Editor in 0.52 ms, found 1 plugins.
Preloading 0 native plugins for Editor in 0.00 ms.
Invoked RoslynAnalysisRunner static constructor.
RoslynAnalysisRunner will not be running.
RoslynAnalysisRunner has terminated.
Mono: successfully reloaded assembly
- Completed reload, in  1.289 seconds
Platform modules already initialized, skipping
Refreshing native plugins compatible for Editor in 0.45 ms, found 1 plugins.
Preloading 0 native plugins for Editor in 0.00 ms.
Unloading 1937 Unused Serialized files (Serialized files now loaded: 0)
System memory in use before: 89.9 MB.
System memory in use after: 89.9 MB.

Unloading 13 unused Assets to reduce memory usage. Loaded Objects now: 2394.
Total: 3.428300 ms (FindLiveObjects: 0.246800 ms CreateObjectMapping: 0.105400 ms MarkObjects: 2.920500 ms  DeleteObjects: 0.153300 ms)

========================================================================
Received Prepare
Registering precompiled user dll's ...
Registered in 0.001182 seconds.
Begin MonoManager ReloadAssembly
Native extension for WindowsStandalone target not found
Refreshing native plugins compatible for Editor in 0.57 ms, found 1 plugins.
Preloading 0 native plugins for Editor in 0.00 ms.
Invoked RoslynAnalysisRunner static constructor.
RoslynAnalysisRunner will not be running.
RoslynAnalysisRunner has terminated.
Mono: successfully reloaded assembly
- Completed reload, in  1.262 seconds
Platform modules already initialized, skipping
Refreshing native plugins compatible for Editor in 0.60 ms, found 1 plugins.
Preloading 0 native plugins for Editor in 0.00 ms.
Unloading 1937 Unused Serialized files (Serialized files now loaded: 0)
System memory in use before: 89.9 MB.
System memory in use after: 89.9 MB.

Unloading 13 unused Assets to reduce memory usage. Loaded Objects now: 2397.
Total: 2.738600 ms (FindLiveObjects: 0.224400 ms CreateObjectMapping: 0.067600 ms MarkObjects: 2.313200 ms  DeleteObjects: 0.131600 ms)

========================================================================
Received Import Request.
  Time since last request: 611.239875 seconds.
  path: ProjectSettings/TagManager.asset
  artifactKey: Guid(00000000000000003000000000000000) Importer(815301076,1909f56bfc062723c751e8b465ee728b)
Start importing ProjectSettings/TagManager.asset using Guid(00000000000000003000000000000000) Importer(815301076,1909f56bfc062723c751e8b465ee728b)  -> (artifact id: 'bfe9282ef8090b88199819c156ab0028') in 0.039786 seconds
  Import took 0.367313 seconds .

========================================================================
Received Prepare
Registering precompiled user dll's ...
Registered in 0.001977 seconds.
Begin MonoManager ReloadAssembly
Native extension for WindowsStandalone target not found
Refreshing native plugins compatible for Editor in 0.43 ms, found 1 plugins.
Preloading 0 native plugins for Editor in 0.00 ms.
Invoked RoslynAnalysisRunner static constructor.
RoslynAnalysisRunner will not be running.
RoslynAnalysisRunner has terminated.
Mono: successfully reloaded assembly
- Completed reload, in  1.493 seconds
Platform modules already initialized, skipping
Refreshing native plugins compatible for Editor in 0.68 ms, found 1 plugins.
Preloading 0 native plugins for Editor in 0.00 ms.
Unloading 1937 Unused Serialized files (Serialized files now loaded: 0)
System memory in use before: 89.9 MB.
System memory in use after: 89.9 MB.

Unloading 14 unused Assets to reduce memory usage. Loaded Objects now: 2400.
Total: 5.391300 ms (FindLiveObjects: 0.355000 ms CreateObjectMapping: 0.165500 ms MarkObjects: 4.600300 ms  DeleteObjects: 0.259800 ms)

========================================================================
Received Prepare
Registering precompiled user dll's ...
Registered in 0.000943 seconds.
Begin MonoManager ReloadAssembly
Native extension for WindowsStandalone target not found
Refreshing native plugins compatible for Editor in 0.40 ms, found 1 plugins.
Preloading 0 native plugins for Editor in 0.00 ms.
Invoked RoslynAnalysisRunner static constructor.
RoslynAnalysisRunner will not be running.
RoslynAnalysisRunner has terminated.
Mono: successfully reloaded assembly
- Completed reload, in  1.262 seconds
Platform modules already initialized, skipping
Refreshing native plugins compatible for Editor in 1.21 ms, found 1 plugins.
Preloading 0 native plugins for Editor in 0.00 ms.
Unloading 1937 Unused Serialized files (Serialized files now loaded: 0)
System memory in use before: 89.9 MB.
System memory in use after: 89.9 MB.

Unloading 13 unused Assets to reduce memory usage. Loaded Objects now: 2403.
Total: 7.934300 ms (FindLiveObjects: 0.578200 ms CreateObjectMapping: 0.381100 ms MarkObjects: 5.524200 ms  DeleteObjects: 1.446400 ms)

========================================================================
Received Prepare
Registering precompiled user dll's ...
Registered in 0.001081 seconds.
Begin MonoManager ReloadAssembly
Native extension for WindowsStandalone target not found
Refreshing native plugins compatible for Editor in 0.42 ms, found 1 plugins.
Preloading 0 native plugins for Editor in 0.00 ms.
Invoked RoslynAnalysisRunner static constructor.
RoslynAnalysisRunner will not be running.
RoslynAnalysisRunner has terminated.
Mono: successfully reloaded assembly
- Completed reload, in  1.221 seconds
Platform modules already initialized, skipping
Refreshing native plugins compatible for Editor in 0.73 ms, found 1 plugins.
Preloading 0 native plugins for Editor in 0.00 ms.
Unloading 1937 Unused Serialized files (Serialized files now loaded: 0)
System memory in use before: 89.9 MB.
System memory in use after: 89.9 MB.

Unloading 13 unused Assets to reduce memory usage. Loaded Objects now: 2406.
Total: 2.875400 ms (FindLiveObjects: 0.228000 ms CreateObjectMapping: 0.107900 ms MarkObjects: 2.398300 ms  DeleteObjects: 0.139200 ms)

========================================================================
Received Import Request.
  Time since last request: 923.212256 seconds.
  path: Assets/Animations/Player.controller
  artifactKey: Guid(4ecb9d4a81d8d8045aa0cf93a6fb3ad5) Importer(815301076,1909f56bfc062723c751e8b465ee728b)
Start importing Assets/Animations/Player.controller using Guid(4ecb9d4a81d8d8045aa0cf93a6fb3ad5) Importer(815301076,1909f56bfc062723c751e8b465ee728b)  -> (artifact id: 'b2e06a9fab71fc89cd16ddd7a1795617') in 0.093546 seconds
  Import took 0.141454 seconds .

========================================================================
Received Prepare
Registering precompiled user dll's ...
Registered in 0.000980 seconds.
Begin MonoManager ReloadAssembly
Native extension for WindowsStandalone target not found
Refreshing native plugins compatible for Editor in 0.41 ms, found 1 plugins.
Preloading 0 native plugins for Editor in 0.00 ms.
Invoked RoslynAnalysisRunner static constructor.
RoslynAnalysisRunner will not be running.
RoslynAnalysisRunner has terminated.
Mono: successfully reloaded assembly
- Completed reload, in  1.262 seconds
Platform modules already initialized, skipping
Refreshing native plugins compatible for Editor in 0.49 ms, found 1 plugins.
Preloading 0 native plugins for Editor in 0.00 ms.
Unloading 1937 Unused Serialized files (Serialized files now loaded: 0)
System memory in use before: 90.0 MB.
System memory in use after: 89.9 MB.

Unloading 13 unused Assets to reduce memory usage. Loaded Objects now: 2409.
Total: 3.330900 ms (FindLiveObjects: 0.224100 ms CreateObjectMapping: 0.107500 ms MarkObjects: 2.827200 ms  DeleteObjects: 0.170200 ms)

========================================================================
Received Prepare
Registering precompiled user dll's ...
Registered in 0.000963 seconds.
Begin MonoManager ReloadAssembly
Native extension for WindowsStandalone target not found
Refreshing native plugins compatible for Editor in 0.45 ms, found 1 plugins.
Preloading 0 native plugins for Editor in 0.00 ms.
Invoked RoslynAnalysisRunner static constructor.
RoslynAnalysisRunner will not be running.
RoslynAnalysisRunner has terminated.
Mono: successfully reloaded assembly
- Completed reload, in  1.188 seconds
Platform modules already initialized, skipping
Refreshing native plugins compatible for Editor in 0.43 ms, found 1 plugins.
Preloading 0 native plugins for Editor in 0.00 ms.
Unloading 1937 Unused Serialized files (Serialized files now loaded: 0)
System memory in use before: 90.0 MB.
System memory in use after: 90.0 MB.

Unloading 13 unused Assets to reduce memory usage. Loaded Objects now: 2412.
Total: 2.757900 ms (FindLiveObjects: 0.225500 ms CreateObjectMapping: 0.098200 ms MarkObjects: 2.313700 ms  DeleteObjects: 0.119200 ms)

========================================================================
Received Prepare
Registering precompiled user dll's ...
Registered in 0.001083 seconds.
Begin MonoManager ReloadAssembly
Native extension for WindowsStandalone target not found
Refreshing native plugins compatible for Editor in 0.43 ms, found 1 plugins.
Preloading 0 native plugins for Editor in 0.00 ms.
Invoked RoslynAnalysisRunner static constructor.
RoslynAnalysisRunner will not be running.
RoslynAnalysisRunner has terminated.
Mono: successfully reloaded assembly
- Completed reload, in  1.254 seconds
Platform modules already initialized, skipping
Refreshing native plugins compatible for Editor in 0.48 ms, found 1 plugins.
Preloading 0 native plugins for Editor in 0.00 ms.
Unloading 1937 Unused Serialized files (Serialized files now loaded: 0)
System memory in use before: 90.0 MB.
System memory in use after: 90.0 MB.

Unloading 13 unused Assets to reduce memory usage. Loaded Objects now: 2415.
Total: 3.533400 ms (FindLiveObjects: 0.442100 ms CreateObjectMapping: 0.192700 ms MarkObjects: 2.685800 ms  DeleteObjects: 0.210300 ms)

========================================================================
Received Prepare
Registering precompiled user dll's ...
Registered in 0.001124 seconds.
Begin MonoManager ReloadAssembly
Native extension for WindowsStandalone target not found
Refreshing native plugins compatible for Editor in 0.49 ms, found 1 plugins.
Preloading 0 native plugins for Editor in 0.00 ms.
Invoked RoslynAnalysisRunner static constructor.
RoslynAnalysisRunner will not be running.
RoslynAnalysisRunner has terminated.
Mono: successfully reloaded assembly
- Completed reload, in  1.585 seconds
Platform modules already initialized, skipping
Refreshing native plugins compatible for Editor in 0.57 ms, found 1 plugins.
Preloading 0 native plugins for Editor in 0.00 ms.
Unloading 1937 Unused Serialized files (Serialized files now loaded: 0)
System memory in use before: 90.0 MB.
System memory in use after: 90.0 MB.

Unloading 13 unused Assets to reduce memory usage. Loaded Objects now: 2418.
Total: 3.521300 ms (FindLiveObjects: 0.465100 ms CreateObjectMapping: 0.399000 ms MarkObjects: 2.464700 ms  DeleteObjects: 0.189000 ms)

========================================================================
Received Prepare
Registering precompiled user dll's ...
Registered in 0.000999 seconds.
Begin MonoManager ReloadAssembly
Native extension for WindowsStandalone target not found
Refreshing native plugins compatible for Editor in 1.63 ms, found 1 plugins.
Preloading 0 native plugins for Editor in 0.00 ms.
Invoked RoslynAnalysisRunner static constructor.
RoslynAnalysisRunner will not be running.
RoslynAnalysisRunner has terminated.
Mono: successfully reloaded assembly
- Completed reload, in  1.534 seconds
Platform modules already initialized, skipping
Refreshing native plugins compatible for Editor in 0.53 ms, found 1 plugins.
Preloading 0 native plugins for Editor in 0.00 ms.
Unloading 1937 Unused Serialized files (Serialized files now loaded: 0)
System memory in use before: 90.0 MB.
System memory in use after: 90.0 MB.

Unloading 13 unused Assets to reduce memory usage. Loaded Objects now: 2421.
Total: 4.983100 ms (FindLiveObjects: 0.290100 ms CreateObjectMapping: 0.235600 ms MarkObjects: 4.167100 ms  DeleteObjects: 0.288100 ms)

========================================================================
Received Prepare
Registering precompiled user dll's ...
Registered in 0.000987 seconds.
Begin MonoManager ReloadAssembly
Native extension for WindowsStandalone target not found
Refreshing native plugins compatible for Editor in 0.42 ms, found 1 plugins.
Preloading 0 native plugins for Editor in 0.00 ms.
Invoked RoslynAnalysisRunner static constructor.
RoslynAnalysisRunner will not be running.
RoslynAnalysisRunner has terminated.
Mono: successfully reloaded assembly
- Completed reload, in  1.137 seconds
Platform modules already initialized, skipping
Refreshing native plugins compatible for Editor in 0.40 ms, found 1 plugins.
Preloading 0 native plugins for Editor in 0.00 ms.
Unloading 1937 Unused Serialized files (Serialized files now loaded: 0)
System memory in use before: 90.0 MB.
System memory in use after: 90.0 MB.

Unloading 13 unused Assets to reduce memory usage. Loaded Objects now: 2424.
Total: 2.775500 ms (FindLiveObjects: 0.232000 ms CreateObjectMapping: 0.078400 ms MarkObjects: 2.325700 ms  DeleteObjects: 0.137700 ms)

========================================================================
Received Prepare
Registering precompiled user dll's ...
Registered in 0.001318 seconds.
Begin MonoManager ReloadAssembly
Native extension for WindowsStandalone target not found
Refreshing native plugins compatible for Editor in 0.45 ms, found 1 plugins.
Preloading 0 native plugins for Editor in 0.00 ms.
Invoked RoslynAnalysisRunner static constructor.
RoslynAnalysisRunner will not be running.
RoslynAnalysisRunner has terminated.
Mono: successfully reloaded assembly
- Completed reload, in  1.236 seconds
Platform modules already initialized, skipping
Refreshing native plugins compatible for Editor in 0.53 ms, found 1 plugins.
Preloading 0 native plugins for Editor in 0.00 ms.
Unloading 1937 Unused Serialized files (Serialized files now loaded: 0)
System memory in use before: 90.0 MB.
System memory in use after: 90.0 MB.

Unloading 13 unused Assets to reduce memory usage. Loaded Objects now: 2427.
Total: 2.831600 ms (FindLiveObjects: 0.227700 ms CreateObjectMapping: 0.097700 ms MarkObjects: 2.360100 ms  DeleteObjects: 0.144100 ms)

========================================================================
Received Prepare
Registering precompiled user dll's ...
Registered in 0.000978 seconds.
Begin MonoManager ReloadAssembly
Native extension for WindowsStandalone target not found
Refreshing native plugins compatible for Editor in 0.42 ms, found 1 plugins.
Preloading 0 native plugins for Editor in 0.00 ms.
Invoked RoslynAnalysisRunner static constructor.
RoslynAnalysisRunner will not be running.
RoslynAnalysisRunner has terminated.
Mono: successfully reloaded assembly
- Completed reload, in  1.242 seconds
Platform modules already initialized, skipping
Refreshing native plugins compatible for Editor in 0.97 ms, found 1 plugins.
Preloading 0 native plugins for Editor in 0.00 ms.
Unloading 1937 Unused Serialized files (Serialized files now loaded: 0)
System memory in use before: 90.0 MB.
System memory in use after: 90.0 MB.

Unloading 13 unused Assets to reduce memory usage. Loaded Objects now: 2430.
Total: 3.928800 ms (FindLiveObjects: 0.390800 ms CreateObjectMapping: 0.141700 ms MarkObjects: 3.195800 ms  DeleteObjects: 0.197800 ms)

========================================================================
Received Prepare
Registering precompiled user dll's ...
Registered in 0.001571 seconds.
Begin MonoManager ReloadAssembly
Native extension for WindowsStandalone target not found
Refreshing native plugins compatible for Editor in 0.44 ms, found 1 plugins.
Preloading 0 native plugins for Editor in 0.00 ms.
Invoked RoslynAnalysisRunner static constructor.
RoslynAnalysisRunner will not be running.
RoslynAnalysisRunner has terminated.
Mono: successfully reloaded assembly
- Completed reload, in  1.494 seconds
Platform modules already initialized, skipping
Refreshing native plugins compatible for Editor in 0.44 ms, found 1 plugins.
Preloading 0 native plugins for Editor in 0.00 ms.
Unloading 1937 Unused Serialized files (Serialized files now loaded: 0)
System memory in use before: 90.0 MB.
System memory in use after: 90.0 MB.

Unloading 13 unused Assets to reduce memory usage. Loaded Objects now: 2433.
Total: 3.376600 ms (FindLiveObjects: 0.235500 ms CreateObjectMapping: 0.107200 ms MarkObjects: 2.822600 ms  DeleteObjects: 0.209800 ms)

========================================================================
Received Prepare
Registering precompiled user dll's ...
Registered in 0.001015 seconds.
Begin MonoManager ReloadAssembly
Native extension for WindowsStandalone target not found
Refreshing native plugins compatible for Editor in 0.43 ms, found 1 plugins.
Preloading 0 native plugins for Editor in 0.00 ms.
Invoked RoslynAnalysisRunner static constructor.
RoslynAnalysisRunner will not be running.
RoslynAnalysisRunner has terminated.
Mono: successfully reloaded assembly
- Completed reload, in  1.271 seconds
Platform modules already initialized, skipping
Refreshing native plugins compatible for Editor in 0.44 ms, found 1 plugins.
Preloading 0 native plugins for Editor in 0.00 ms.
Unloading 1937 Unused Serialized files (Serialized files now loaded: 0)
System memory in use before: 90.0 MB.
System memory in use after: 90.0 MB.

Unloading 13 unused Assets to reduce memory usage. Loaded Objects now: 2436.
Total: 3.269900 ms (FindLiveObjects: 0.330800 ms CreateObjectMapping: 0.115500 ms MarkObjects: 2.674700 ms  DeleteObjects: 0.146800 ms)

========================================================================
Received Prepare
Registering precompiled user dll's ...
Registered in 0.001576 seconds.
Begin MonoManager ReloadAssembly
Native extension for WindowsStandalone target not found
Refreshing native plugins compatible for Editor in 0.42 ms, found 1 plugins.
Preloading 0 native plugins for Editor in 0.00 ms.
Invoked RoslynAnalysisRunner static constructor.
RoslynAnalysisRunner will not be running.
RoslynAnalysisRunner has terminated.
Mono: successfully reloaded assembly
- Completed reload, in  1.346 seconds
Platform modules already initialized, skipping
Refreshing native plugins compatible for Editor in 0.44 ms, found 1 plugins.
Preloading 0 native plugins for Editor in 0.00 ms.
Unloading 1937 Unused Serialized files (Serialized files now loaded: 0)
System memory in use before: 90.0 MB.
System memory in use after: 90.0 MB.

Unloading 13 unused Assets to reduce memory usage. Loaded Objects now: 2439.
Total: 3.937700 ms (FindLiveObjects: 0.322400 ms CreateObjectMapping: 0.103000 ms MarkObjects: 3.342500 ms  DeleteObjects: 0.167400 ms)

========================================================================
Received Prepare
Registering precompiled user dll's ...
Registered in 0.001164 seconds.
Begin MonoManager ReloadAssembly
Native extension for WindowsStandalone target not found
Refreshing native plugins compatible for Editor in 0.46 ms, found 1 plugins.
Preloading 0 native plugins for Editor in 0.00 ms.
Invoked RoslynAnalysisRunner static constructor.
RoslynAnalysisRunner will not be running.
RoslynAnalysisRunner has terminated.
Mono: successfully reloaded assembly
- Completed reload, in  1.670 seconds
Platform modules already initialized, skipping
Refreshing native plugins compatible for Editor in 0.63 ms, found 1 plugins.
Preloading 0 native plugins for Editor in 0.00 ms.
Unloading 1937 Unused Serialized files (Serialized files now loaded: 0)
System memory in use before: 90.0 MB.
System memory in use after: 90.0 MB.

Unloading 13 unused Assets to reduce memory usage. Loaded Objects now: 2442.
Total: 3.448100 ms (FindLiveObjects: 0.361700 ms CreateObjectMapping: 0.142800 ms MarkObjects: 2.741700 ms  DeleteObjects: 0.199800 ms)

========================================================================
Received Prepare
Registering precompiled user dll's ...
Registered in 0.000988 seconds.
Begin MonoManager ReloadAssembly
Native extension for WindowsStandalone target not found
Refreshing native plugins compatible for Editor in 0.41 ms, found 1 plugins.
Preloading 0 native plugins for Editor in 0.00 ms.
Invoked RoslynAnalysisRunner static constructor.
RoslynAnalysisRunner will not be running.
RoslynAnalysisRunner has terminated.
Mono: successfully reloaded assembly
- Completed reload, in  1.239 seconds
Platform modules already initialized, skipping
Refreshing native plugins compatible for Editor in 0.50 ms, found 1 plugins.
Preloading 0 native plugins for Editor in 0.00 ms.
Unloading 1937 Unused Serialized files (Serialized files now loaded: 0)
System memory in use before: 90.1 MB.
System memory in use after: 90.1 MB.

Unloading 13 unused Assets to reduce memory usage. Loaded Objects now: 2445.
Total: 2.610900 ms (FindLiveObjects: 0.271300 ms CreateObjectMapping: 0.096100 ms MarkObjects: 2.106800 ms  DeleteObjects: 0.135000 ms)

========================================================================
Received Prepare
Registering precompiled user dll's ...
Registered in 0.001125 seconds.
Begin MonoManager ReloadAssembly
Native extension for WindowsStandalone target not found
Refreshing native plugins compatible for Editor in 0.51 ms, found 1 plugins.
Preloading 0 native plugins for Editor in 0.00 ms.
Invoked RoslynAnalysisRunner static constructor.
RoslynAnalysisRunner will not be running.
RoslynAnalysisRunner has terminated.
Mono: successfully reloaded assembly
- Completed reload, in  1.235 seconds
Platform modules already initialized, skipping
Refreshing native plugins compatible for Editor in 0.48 ms, found 1 plugins.
Preloading 0 native plugins for Editor in 0.00 ms.
Unloading 1937 Unused Serialized files (Serialized files now loaded: 0)
System memory in use before: 90.1 MB.
System memory in use after: 90.1 MB.

Unloading 13 unused Assets to reduce memory usage. Loaded Objects now: 2448.
Total: 4.086400 ms (FindLiveObjects: 0.419700 ms CreateObjectMapping: 0.171200 ms MarkObjects: 3.360000 ms  DeleteObjects: 0.133400 ms)

========================================================================
Received Prepare
Registering precompiled user dll's ...
Registered in 0.000991 seconds.
Begin MonoManager ReloadAssembly
Native extension for WindowsStandalone target not found
Refreshing native plugins compatible for Editor in 0.49 ms, found 1 plugins.
Preloading 0 native plugins for Editor in 0.00 ms.
Invoked RoslynAnalysisRunner static constructor.
RoslynAnalysisRunner will not be running.
RoslynAnalysisRunner has terminated.
Mono: successfully reloaded assembly
- Completed reload, in  1.210 seconds
Platform modules already initialized, skipping
Refreshing native plugins compatible for Editor in 0.51 ms, found 1 plugins.
Preloading 0 native plugins for Editor in 0.00 ms.
Unloading 1937 Unused Serialized files (Serialized files now loaded: 0)
System memory in use before: 90.1 MB.
System memory in use after: 90.1 MB.

Unloading 13 unused Assets to reduce memory usage. Loaded Objects now: 2451.
Total: 3.012000 ms (FindLiveObjects: 0.264800 ms CreateObjectMapping: 0.114000 ms MarkObjects: 2.497300 ms  DeleteObjects: 0.133700 ms)

========================================================================
Received Import Request.
  Time since last request: 1909.473423 seconds.
  path: Assets/Animations/Player_Jump.anim
  artifactKey: Guid(74c81ccd90cfcab48946fce1bd11c424) Importer(815301076,1909f56bfc062723c751e8b465ee728b)
Start importing Assets/Animations/Player_Jump.anim using Guid(74c81ccd90cfcab48946fce1bd11c424) Importer(815301076,1909f56bfc062723c751e8b465ee728b)  -> (artifact id: 'b3dc7e17de25f0fa2f444d7334702715') in 0.027017 seconds
  Import took 0.046070 seconds .

========================================================================
Received Import Request.
  Time since last request: 0.001970 seconds.
  path: Assets/Animations/Player_Jump.anim
  artifactKey: Guid(74c81ccd90cfcab48946fce1bd11c424) Importer(815301076,1909f56bfc062723c751e8b465ee728b)
Start importing Assets/Animations/Player_Jump.anim using Guid(74c81ccd90cfcab48946fce1bd11c424) Importer(815301076,1909f56bfc062723c751e8b465ee728b)  -> (artifact id: 'b3dc7e17de25f0fa2f444d7334702715') in 0.004968 seconds
  Import took 0.012110 seconds .

========================================================================
Received Prepare
Registering precompiled user dll's ...
Registered in 0.001053 seconds.
Begin MonoManager ReloadAssembly
Native extension for WindowsStandalone target not found
Refreshing native plugins compatible for Editor in 0.42 ms, found 1 plugins.
Preloading 0 native plugins for Editor in 0.00 ms.
Invoked RoslynAnalysisRunner static constructor.
RoslynAnalysisRunner will not be running.
RoslynAnalysisRunner has terminated.
Mono: successfully reloaded assembly
- Completed reload, in  1.266 seconds
Platform modules already initialized, skipping
Refreshing native plugins compatible for Editor in 0.52 ms, found 1 plugins.
Preloading 0 native plugins for Editor in 0.00 ms.
Unloading 1937 Unused Serialized files (Serialized files now loaded: 0)
System memory in use before: 90.1 MB.
System memory in use after: 90.1 MB.

Unloading 13 unused Assets to reduce memory usage. Loaded Objects now: 2454.
Total: 2.539100 ms (FindLiveObjects: 0.239300 ms CreateObjectMapping: 0.099300 ms MarkObjects: 2.075100 ms  DeleteObjects: 0.124300 ms)

========================================================================
Received Prepare
Registering precompiled user dll's ...
Registered in 0.001827 seconds.
Begin MonoManager ReloadAssembly
Native extension for WindowsStandalone target not found
Refreshing native plugins compatible for Editor in 0.51 ms, found 1 plugins.
Preloading 0 native plugins for Editor in 0.00 ms.
Invoked RoslynAnalysisRunner static constructor.
RoslynAnalysisRunner will not be running.
RoslynAnalysisRunner has terminated.
Mono: successfully reloaded assembly
- Completed reload, in  1.204 seconds
Platform modules already initialized, skipping
Refreshing native plugins compatible for Editor in 0.56 ms, found 1 plugins.
Preloading 0 native plugins for Editor in 0.00 ms.
Unloading 1937 Unused Serialized files (Serialized files now loaded: 0)
System memory in use before: 90.1 MB.
System memory in use after: 90.1 MB.

Unloading 13 unused Assets to reduce memory usage. Loaded Objects now: 2457.
Total: 2.553900 ms (FindLiveObjects: 0.270400 ms CreateObjectMapping: 0.092500 ms MarkObjects: 2.058500 ms  DeleteObjects: 0.128700 ms)

========================================================================
Received Prepare
Registering precompiled user dll's ...
Registered in 0.000931 seconds.
Begin MonoManager ReloadAssembly
Native extension for WindowsStandalone target not found
Refreshing native plugins compatible for Editor in 0.42 ms, found 1 plugins.
Preloading 0 native plugins for Editor in 0.00 ms.
Invoked RoslynAnalysisRunner static constructor.
RoslynAnalysisRunner will not be running.
RoslynAnalysisRunner has terminated.
Mono: successfully reloaded assembly
- Completed reload, in  1.186 seconds
Platform modules already initialized, skipping
Refreshing native plugins compatible for Editor in 0.40 ms, found 1 plugins.
Preloading 0 native plugins for Editor in 0.00 ms.
Unloading 1937 Unused Serialized files (Serialized files now loaded: 0)
System memory in use before: 90.1 MB.
System memory in use after: 90.1 MB.

Unloading 13 unused Assets to reduce memory usage. Loaded Objects now: 2460.
Total: 3.075800 ms (FindLiveObjects: 0.476900 ms CreateObjectMapping: 0.118400 ms MarkObjects: 2.310900 ms  DeleteObjects: 0.167700 ms)

AssetImportWorkerClient::OnTransportError - code=2 error=End of file
