Using pre-set license
Built from '2020.2/staging' branch; Version is '2020.2.6f1 (8a2143876886) revision 9052483'; Using compiler version '192528614'; Build Type 'Release'
OS: 'Windows 10 Home Single Language; OS build 19041.928; Version 2004; 64bit' Language: 'pt' Physical Memory: 8101 MB
BatchMode: 1, IsHumanControllingUs: 0, StartBugReporterOnCrash: 0, Is64bit: 1, IsPro: 0

 COMMAND LINE ARGUMENTS:
C:\Program Files\Unity\Hub\Editor\2020.2.6f1\Editor\Unity.exe
-adb2
-batchMode
-noUpm
-name
AssetImportWorker0
-projectPath
D:/Documentos/CEUB/Programaçã de Jogos Asa Norte/Plataforma2D/Platform 2D
-logFile
Logs/AssetImportWorker0.log
-srvPort
61886
Successfully changed project path to: D:/Documentos/CEUB/Programaçã de Jogos Asa Norte/Plataforma2D/Platform 2D
D:/Documentos/CEUB/Programaçã de Jogos Asa Norte/Plataforma2D/Platform 2D
Using Asset Import Pipeline V2.
Refreshing native plugins compatible for Editor in 50.93 ms, found 1 plugins.
Preloading 0 native plugins for Editor in 0.00 ms.
Initialize engine version: 2020.2.6f1 (8a2143876886)
[Subsystems] Discovering subsystems at path C:/Program Files/Unity/Hub/Editor/2020.2.6f1/Editor/Data/Resources/UnitySubsystems
[Subsystems] Discovering subsystems at path D:/Documentos/CEUB/Programaçã de Jogos Asa Norte/Plataforma2D/Platform 2D/Assets
GfxDevice: creating device client; threaded=0
Direct3D:
    Version:  Direct3D 11.0 [level 11.1]
    Renderer: NVIDIA GeForce GTX 1050 (ID=0x1c8d)
    Vendor:   
    VRAM:     4021 MB
    Driver:   26.21.14.4262
Initialize mono
Mono path[0] = 'C:/Program Files/Unity/Hub/Editor/2020.2.6f1/Editor/Data/Managed'
Mono path[1] = 'C:/Program Files/Unity/Hub/Editor/2020.2.6f1/Editor/Data/MonoBleedingEdge/lib/mono/unityjit'
Mono config path = 'C:/Program Files/Unity/Hub/Editor/2020.2.6f1/Editor/Data/MonoBleedingEdge/etc'
Using monoOptions --debugger-agent=transport=dt_socket,embedding=1,server=y,suspend=n,address=127.0.0.1:56024
Begin MonoManager ReloadAssembly
Registering precompiled unity dll's ...
Register platform support module: C:/Program Files/Unity/Hub/Editor/2020.2.6f1/Editor/Data/PlaybackEngines/WindowsStandaloneSupport/UnityEditor.WindowsStandalone.Extensions.dll
Registered in 0.002560 seconds.
Native extension for WindowsStandalone target not found
Refreshing native plugins compatible for Editor in 54.56 ms, found 1 plugins.
Preloading 0 native plugins for Editor in 0.00 ms.
Invoked RoslynAnalysisRunner static constructor.
RoslynAnalysisRunner will not be running.
RoslynAnalysisRunner has terminated.
Mono: successfully reloaded assembly
- Completed reload, in  1.494 seconds
Platform modules already initialized, skipping
Registering precompiled user dll's ...
Registered in 0.000950 seconds.
Begin MonoManager ReloadAssembly
Native extension for WindowsStandalone target not found
Refreshing native plugins compatible for Editor in 52.45 ms, found 1 plugins.
Preloading 0 native plugins for Editor in 0.00 ms.
Invoked RoslynAnalysisRunner static constructor.
RoslynAnalysisRunner will not be running.
RoslynAnalysisRunner has terminated.
Mono: successfully reloaded assembly
- Completed reload, in  1.295 seconds
Platform modules already initialized, skipping
========================================================================
Worker process is ready to serve import requests
Launched and connected shader compiler UnityShaderCompiler.exe after 0.17 seconds
Refreshing native plugins compatible for Editor in 0.42 ms, found 1 plugins.
Preloading 0 native plugins for Editor in 0.00 ms.
Unloading 1944 Unused Serialized files (Serialized files now loaded: 0)
System memory in use before: 90.0 MB.
System memory in use after: 89.9 MB.

Unloading 25 unused Assets to reduce memory usage. Loaded Objects now: 2385.
Total: 2.603700 ms (FindLiveObjects: 0.214100 ms CreateObjectMapping: 0.072100 ms MarkObjects: 2.165300 ms  DeleteObjects: 0.150500 ms)

========================================================================
Received Import Request.
  path: Assets/Belmont.png
  artifactKey: Guid(3920f84aaf9c2744287186382c1d5242) Importer(815301076,1909f56bfc062723c751e8b465ee728b)
Start importing Assets/Belmont.png using Guid(3920f84aaf9c2744287186382c1d5242) Importer(815301076,1909f56bfc062723c751e8b465ee728b)  -> (artifact id: 'aba418e281a1ec1fbe88f4bcf83984b1') in 0.165898 seconds
  Import took 0.203179 seconds .

========================================================================
Received Import Request.
  Time since last request: 100.497616 seconds.
  path: Assets/Belmont.png
  artifactKey: Guid(3920f84aaf9c2744287186382c1d5242) Importer(815301076,1909f56bfc062723c751e8b465ee728b)
Start importing Assets/Belmont.png using Guid(3920f84aaf9c2744287186382c1d5242) Importer(815301076,1909f56bfc062723c751e8b465ee728b)  -> (artifact id: '435d46d63c6bc8c7a1295a1dda7a64e7') in 0.027058 seconds
  Import took 0.047155 seconds .

========================================================================
Received Import Request.
  Time since last request: 0.001477 seconds.
  path: Assets/Belmont.png
  artifactKey: Guid(3920f84aaf9c2744287186382c1d5242) Importer(815301076,1909f56bfc062723c751e8b465ee728b)
Start importing Assets/Belmont.png using Guid(3920f84aaf9c2744287186382c1d5242) Importer(815301076,1909f56bfc062723c751e8b465ee728b)  -> (artifact id: '435d46d63c6bc8c7a1295a1dda7a64e7') in 0.026980 seconds
  Import took 0.033647 seconds .

========================================================================
Received Import Request.
  Time since last request: 572.597570 seconds.
  path: Assets/Belmont.png
  artifactKey: Guid(3920f84aaf9c2744287186382c1d5242) Importer(815301076,1909f56bfc062723c751e8b465ee728b)
Start importing Assets/Belmont.png using Guid(3920f84aaf9c2744287186382c1d5242) Importer(815301076,1909f56bfc062723c751e8b465ee728b)  -> (artifact id: '08d83158be1e0e95c167d895774491d9') in 0.593435 seconds
  Import took 0.632041 seconds .

========================================================================
Received Import Request.
  Time since last request: 261.598523 seconds.
  path: Assets/Belmont.png
  artifactKey: Guid(3920f84aaf9c2744287186382c1d5242) Importer(815301076,1909f56bfc062723c751e8b465ee728b)
Start importing Assets/Belmont.png using Guid(3920f84aaf9c2744287186382c1d5242) Importer(815301076,1909f56bfc062723c751e8b465ee728b)  -> (artifact id: '4d284c4cc76ee73f50139b5081f0aaa0') in 0.430971 seconds
  Import took 0.468873 seconds .

========================================================================
Received Import Request.
  Time since last request: 59.478357 seconds.
  path: Assets/Belmont.png
  artifactKey: Guid(3920f84aaf9c2744287186382c1d5242) Importer(815301076,1909f56bfc062723c751e8b465ee728b)
Start importing Assets/Belmont.png using Guid(3920f84aaf9c2744287186382c1d5242) Importer(815301076,1909f56bfc062723c751e8b465ee728b)  -> (artifact id: 'd52ea28c7bd6b2e52de5cafcb85e3142') in 0.389766 seconds
  Import took 0.417943 seconds .

========================================================================
Received Prepare
Registering precompiled user dll's ...
Registered in 0.000856 seconds.
Begin MonoManager ReloadAssembly
Native extension for WindowsStandalone target not found
Refreshing native plugins compatible for Editor in 0.41 ms, found 1 plugins.
Preloading 0 native plugins for Editor in 0.00 ms.
Invoked RoslynAnalysisRunner static constructor.
RoslynAnalysisRunner will not be running.
RoslynAnalysisRunner has terminated.
Mono: successfully reloaded assembly
- Completed reload, in  1.157 seconds
Platform modules already initialized, skipping
Refreshing native plugins compatible for Editor in 0.43 ms, found 1 plugins.
Preloading 0 native plugins for Editor in 0.00 ms.
Unloading 1937 Unused Serialized files (Serialized files now loaded: 0)
System memory in use before: 93.3 MB.
System memory in use after: 93.3 MB.

Unloading 13 unused Assets to reduce memory usage. Loaded Objects now: 2650.
Total: 4.514400 ms (FindLiveObjects: 0.426100 ms CreateObjectMapping: 0.134600 ms MarkObjects: 3.805400 ms  DeleteObjects: 0.146400 ms)

========================================================================
Received Import Request.
  Time since last request: 151.688981 seconds.
  path: Assets/Scenes
  artifactKey: Guid(1cd27f8390ff88141b69936514ee1912) Importer(815301076,1909f56bfc062723c751e8b465ee728b)
Start importing Assets/Scenes using Guid(1cd27f8390ff88141b69936514ee1912) Importer(815301076,1909f56bfc062723c751e8b465ee728b)  -> (artifact id: '20cd40e4341f4b074a39275e7025a4a4') in 0.020070 seconds
  Import took 0.332403 seconds .

========================================================================
Received Prepare
Registering precompiled user dll's ...
Registered in 0.000897 seconds.
Begin MonoManager ReloadAssembly
Native extension for WindowsStandalone target not found
Refreshing native plugins compatible for Editor in 0.53 ms, found 1 plugins.
Preloading 0 native plugins for Editor in 0.00 ms.
Invoked RoslynAnalysisRunner static constructor.
RoslynAnalysisRunner will not be running.
RoslynAnalysisRunner has terminated.
Mono: successfully reloaded assembly
- Completed reload, in  1.096 seconds
Platform modules already initialized, skipping
Refreshing native plugins compatible for Editor in 0.49 ms, found 1 plugins.
Preloading 0 native plugins for Editor in 0.00 ms.
Unloading 1937 Unused Serialized files (Serialized files now loaded: 0)
System memory in use before: 93.4 MB.
System memory in use after: 93.4 MB.

Unloading 13 unused Assets to reduce memory usage. Loaded Objects now: 2653.
Total: 3.192700 ms (FindLiveObjects: 0.262400 ms CreateObjectMapping: 0.083200 ms MarkObjects: 2.706200 ms  DeleteObjects: 0.139400 ms)

========================================================================
Received Import Request.
  Time since last request: 927.197556 seconds.
  path: Assets/Belmont.png
  artifactKey: Guid(3920f84aaf9c2744287186382c1d5242) Importer(815301076,1909f56bfc062723c751e8b465ee728b)
Start importing Assets/Belmont.png using Guid(3920f84aaf9c2744287186382c1d5242) Importer(815301076,1909f56bfc062723c751e8b465ee728b)  -> (artifact id: '51efe2658dc5aa624582321731de61c0') in 0.572162 seconds
  Import took 0.579434 seconds .

========================================================================
Received Import Request.
  Time since last request: 302.363653 seconds.
  path: Assets/Belmont.png
  artifactKey: Guid(3920f84aaf9c2744287186382c1d5242) Importer(815301076,1909f56bfc062723c751e8b465ee728b)
Start importing Assets/Belmont.png using Guid(3920f84aaf9c2744287186382c1d5242) Importer(815301076,1909f56bfc062723c751e8b465ee728b)  -> (artifact id: '903606d9be2d0118e0bff785a6e1d55e') in 0.479207 seconds
  Import took 0.512706 seconds .

========================================================================
Received Prepare
Registering precompiled user dll's ...
Registered in 0.001092 seconds.
Begin MonoManager ReloadAssembly
Native extension for WindowsStandalone target not found
Refreshing native plugins compatible for Editor in 0.47 ms, found 1 plugins.
Preloading 0 native plugins for Editor in 0.00 ms.
Invoked RoslynAnalysisRunner static constructor.
RoslynAnalysisRunner will not be running.
RoslynAnalysisRunner has terminated.
Mono: successfully reloaded assembly
- Completed reload, in  1.048 seconds
Platform modules already initialized, skipping
Refreshing native plugins compatible for Editor in 0.37 ms, found 1 plugins.
Preloading 0 native plugins for Editor in 0.00 ms.
Unloading 1937 Unused Serialized files (Serialized files now loaded: 0)
System memory in use before: 93.4 MB.
System memory in use after: 93.4 MB.

Unloading 13 unused Assets to reduce memory usage. Loaded Objects now: 2657.
Total: 3.753300 ms (FindLiveObjects: 0.721000 ms CreateObjectMapping: 0.130700 ms MarkObjects: 2.755800 ms  DeleteObjects: 0.144600 ms)

AssetImportWorkerClient::OnTransportError - code=2 error=End of file
